

*******************************************************************************
Wed Jun 19 16:28:00 2024


FIT:    data read from "cavendish.data" using 1:2:3
        format = x:z:s
        #datapoints = 39
function used for fitting: theta(x)
	theta(t) = theta0 + a * exp(-t / tau) * sin(2 * pi * t / T + phi)
fitted parameters initialized with current variable values

iter      chisq       delta/lim  lambda   a             tau           phi           T             theta0       
   0 1.3744844928e+03   0.00e+00  7.35e+00    4.000000e+01   1.500000e+01  -5.000000e-01   1.500000e+01   1.000000e+01
  13 3.9000765472e+01  -1.64e-10  7.35e+05    4.454835e+01   5.751884e+01  -3.771069e-01   1.310292e+01   2.456091e+00

After 13 iterations the fit converged.
final sum of squares of residuals : 39.0008
rel. change during last iteration : -1.63968e-15

degrees of freedom    (FIT_NDF)                        : 34
rms of residuals      (FIT_STDFIT) = sqrt(WSSR/ndf)    : 1.07102
variance of residuals (reduced chisquare) = WSSR/ndf   : 1.14708
p-value of the Chisq distribution (FIT_P)              : 0.254938

Final set of parameters            Asymptotic Standard Error
=======================            ==========================
a               = 44.5484          +/- 2.127        (4.776%)
tau             = 57.5188          +/- 8.119        (14.12%)
phi             = -0.377107        +/- 0.04234      (11.23%)
T               = 13.1029          +/- 0.06466      (0.4935%)
theta0          = 2.45609          +/- 0.6081       (24.76%)

correlation matrix of the fit parameters:
                a      tau    phi    T      theta0 
a               1.000 
tau            -0.844  1.000 
phi            -0.100  0.088  1.000 
T              -0.072  0.072  0.806  1.000 
theta0         -0.166  0.127 -0.182 -0.166  1.000 


*******************************************************************************
Wed Jun 19 16:34:07 2024


FIT:    data read from "cavendish.data" using 1:2:3
        format = x:z:s
        #datapoints = 39
function used for fitting: theta(x)
	theta(t) = theta0 + a * exp(-t / tau) * sin(2 * pi * t / T + phi)
fitted parameters initialized with current variable values

iter      chisq       delta/lim  lambda   a             tau           phi           T             theta0       
   0 3.9000765472e+01   0.00e+00  2.65e+01    4.454835e+01   5.751884e+01  -3.771069e-01   1.310292e+01   2.456091e+00
   1 3.9000765472e+01  -1.28e-10  2.65e+06    4.454835e+01   5.751884e+01  -3.771069e-01   1.310292e+01   2.456091e+00

After 1 iterations the fit converged.
final sum of squares of residuals : 39.0008
rel. change during last iteration : -1.27531e-15

degrees of freedom    (FIT_NDF)                        : 34
rms of residuals      (FIT_STDFIT) = sqrt(WSSR/ndf)    : 1.07102
variance of residuals (reduced chisquare) = WSSR/ndf   : 1.14708
p-value of the Chisq distribution (FIT_P)              : 0.254938

Final set of parameters            Asymptotic Standard Error
=======================            ==========================
a               = 44.5484          +/- 2.127        (4.776%)
tau             = 57.5188          +/- 8.119        (14.12%)
phi             = -0.377107        +/- 0.04234      (11.23%)
T               = 13.1029          +/- 0.06466      (0.4935%)
theta0          = 2.45609          +/- 0.6081       (24.76%)

correlation matrix of the fit parameters:
                a      tau    phi    T      theta0 
a               1.000 
tau            -0.844  1.000 
phi            -0.100  0.088  1.000 
T              -0.072  0.072  0.806  1.000 
theta0         -0.166  0.127 -0.182 -0.166  1.000 
